<?xml version="1.0" encoding="UTF-8"?>
<testsuite name="internal.CubicDijkstraTest" tests="6" skipped="0" failures="0" errors="0" timestamp="2023-01-13T09:01:21" hostname="DESKTOP-INI6FDC" time="1.3">
  <properties/>
  <testcase name="heapTwoDimensions()" classname="internal.CubicDijkstraTest" time="0.062"/>
  <testcase name="arrayTwoDimensions()" classname="internal.CubicDijkstraTest" time="0.056"/>
  <testcase name="arrayThreeDimensions()" classname="internal.CubicDijkstraTest" time="0.871"/>
  <testcase name="heapOneDimension()" classname="internal.CubicDijkstraTest" time="0.001"/>
  <testcase name="heapThreeDimensions()" classname="internal.CubicDijkstraTest" time="0.305"/>
  <testcase name="arrayOneDimension()" classname="internal.CubicDijkstraTest" time="0.001"/>
  <system-out><![CDATA[]]></system-out>
  <system-err><![CDATA[]]></system-err>
</testsuite>
