<?xml version="1.0" encoding="UTF-8"?>
<testsuite name="solution.DijkstraProcessTest" tests="12" skipped="0" failures="0" errors="0" timestamp="2023-01-13T09:11:50" hostname="DESKTOP-INI6FDC" time="84.552">
  <properties/>
  <testcase name="stressRandomFIFO()" classname="solution.DijkstraProcessTest" time="13.603"/>
  <testcase name="stressRandomFair()" classname="solution.DijkstraProcessTest" time="7.09"/>
  <testcase name="oneDimensionFIFO()" classname="solution.DijkstraProcessTest" time="0.002"/>
  <testcase name="oneDimensionFair()" classname="solution.DijkstraProcessTest" time="0.001"/>
  <testcase name="stressSparseFIFO()" classname="solution.DijkstraProcessTest" time="3.792"/>
  <testcase name="stressSparseFair()" classname="solution.DijkstraProcessTest" time="1.984"/>
  <testcase name="twoDimensionsFIFO()" classname="solution.DijkstraProcessTest" time="0.411"/>
  <testcase name="twoDimensionsFair()" classname="solution.DijkstraProcessTest" time="0.146"/>
  <testcase name="threeDimensionsFIFO()" classname="solution.DijkstraProcessTest" time="17.578"/>
  <testcase name="threeDimensionsFair()" classname="solution.DijkstraProcessTest" time="5.479"/>
  <testcase name="stressDenseFIFO()" classname="solution.DijkstraProcessTest" time="23.778"/>
  <testcase name="stressDenseFair()" classname="solution.DijkstraProcessTest" time="10.686"/>
  <system-out><![CDATA[]]></system-out>
  <system-err><![CDATA[[Test worker] INFO solution.DijkstraProcessTest - Running iteration 1
[Test worker] INFO solution.DijkstraProcessTest - Running iteration 101
[Test worker] INFO solution.DijkstraProcessTest - Running iteration 201
[Test worker] INFO solution.DijkstraProcessTest - Running iteration 301
[Test worker] INFO solution.DijkstraProcessTest - Running iteration 401
[Test worker] INFO solution.DijkstraProcessTest - Running iteration 501
[Test worker] INFO solution.DijkstraProcessTest - Running iteration 601
[Test worker] INFO solution.DijkstraProcessTest - Running iteration 701
[Test worker] INFO solution.DijkstraProcessTest - Running iteration 801
[Test worker] INFO solution.DijkstraProcessTest - Running iteration 901
[Test worker] INFO solution.DijkstraProcessTest - Running iteration 1
[Test worker] INFO solution.DijkstraProcessTest - Running iteration 101
[Test worker] INFO solution.DijkstraProcessTest - Running iteration 201
[Test worker] INFO solution.DijkstraProcessTest - Running iteration 301
[Test worker] INFO solution.DijkstraProcessTest - Running iteration 401
[Test worker] INFO solution.DijkstraProcessTest - Running iteration 501
[Test worker] INFO solution.DijkstraProcessTest - Running iteration 601
[Test worker] INFO solution.DijkstraProcessTest - Running iteration 701
[Test worker] INFO solution.DijkstraProcessTest - Running iteration 801
[Test worker] INFO solution.DijkstraProcessTest - Running iteration 901
[Test worker] INFO solution.DijkstraProcessTest - Running iteration 1
[Test worker] INFO solution.DijkstraProcessTest - Running iteration 1
[Test worker] INFO solution.DijkstraProcessTest - Running iteration 1
[Test worker] INFO solution.DijkstraProcessTest - Running iteration 101
[Test worker] INFO solution.DijkstraProcessTest - Running iteration 201
[Test worker] INFO solution.DijkstraProcessTest - Running iteration 301
[Test worker] INFO solution.DijkstraProcessTest - Running iteration 401
[Test worker] INFO solution.DijkstraProcessTest - Running iteration 501
[Test worker] INFO solution.DijkstraProcessTest - Running iteration 601
[Test worker] INFO solution.DijkstraProcessTest - Running iteration 701
[Test worker] INFO solution.DijkstraProcessTest - Running iteration 801
[Test worker] INFO solution.DijkstraProcessTest - Running iteration 901
[Test worker] INFO solution.DijkstraProcessTest - Running iteration 1
[Test worker] INFO solution.DijkstraProcessTest - Running iteration 101
[Test worker] INFO solution.DijkstraProcessTest - Running iteration 201
[Test worker] INFO solution.DijkstraProcessTest - Running iteration 301
[Test worker] INFO solution.DijkstraProcessTest - Running iteration 401
[Test worker] INFO solution.DijkstraProcessTest - Running iteration 501
[Test worker] INFO solution.DijkstraProcessTest - Running iteration 601
[Test worker] INFO solution.DijkstraProcessTest - Running iteration 701
[Test worker] INFO solution.DijkstraProcessTest - Running iteration 801
[Test worker] INFO solution.DijkstraProcessTest - Running iteration 901
[Test worker] INFO solution.DijkstraProcessTest - Running iteration 1
[Test worker] INFO solution.DijkstraProcessTest - Running iteration 101
[Test worker] INFO solution.DijkstraProcessTest - Running iteration 1
[Test worker] INFO solution.DijkstraProcessTest - Running iteration 101
[Test worker] INFO solution.DijkstraProcessTest - Running iteration 1
[Test worker] INFO solution.DijkstraProcessTest - Running iteration 101
[Test worker] INFO solution.DijkstraProcessTest - Running iteration 201
[Test worker] INFO solution.DijkstraProcessTest - Running iteration 301
[Test worker] INFO solution.DijkstraProcessTest - Running iteration 401
[Test worker] INFO solution.DijkstraProcessTest - Running iteration 501
[Test worker] INFO solution.DijkstraProcessTest - Running iteration 601
[Test worker] INFO solution.DijkstraProcessTest - Running iteration 701
[Test worker] INFO solution.DijkstraProcessTest - Running iteration 801
[Test worker] INFO solution.DijkstraProcessTest - Running iteration 901
[Test worker] INFO solution.DijkstraProcessTest - Running iteration 1
[Test worker] INFO solution.DijkstraProcessTest - Running iteration 101
[Test worker] INFO solution.DijkstraProcessTest - Running iteration 201
[Test worker] INFO solution.DijkstraProcessTest - Running iteration 301
[Test worker] INFO solution.DijkstraProcessTest - Running iteration 401
[Test worker] INFO solution.DijkstraProcessTest - Running iteration 501
[Test worker] INFO solution.DijkstraProcessTest - Running iteration 601
[Test worker] INFO solution.DijkstraProcessTest - Running iteration 701
[Test worker] INFO solution.DijkstraProcessTest - Running iteration 801
[Test worker] INFO solution.DijkstraProcessTest - Running iteration 901
[Test worker] INFO solution.DijkstraProcessTest - Running iteration 1
[Test worker] INFO solution.DijkstraProcessTest - Running iteration 101
[Test worker] INFO solution.DijkstraProcessTest - Running iteration 201
[Test worker] INFO solution.DijkstraProcessTest - Running iteration 301
[Test worker] INFO solution.DijkstraProcessTest - Running iteration 401
[Test worker] INFO solution.DijkstraProcessTest - Running iteration 501
[Test worker] INFO solution.DijkstraProcessTest - Running iteration 601
[Test worker] INFO solution.DijkstraProcessTest - Running iteration 701
[Test worker] INFO solution.DijkstraProcessTest - Running iteration 801
[Test worker] INFO solution.DijkstraProcessTest - Running iteration 901
[Test worker] INFO solution.DijkstraProcessTest - Running iteration 1
[Test worker] INFO solution.DijkstraProcessTest - Running iteration 101
[Test worker] INFO solution.DijkstraProcessTest - Running iteration 201
[Test worker] INFO solution.DijkstraProcessTest - Running iteration 301
[Test worker] INFO solution.DijkstraProcessTest - Running iteration 401
[Test worker] INFO solution.DijkstraProcessTest - Running iteration 501
[Test worker] INFO solution.DijkstraProcessTest - Running iteration 601
[Test worker] INFO solution.DijkstraProcessTest - Running iteration 701
[Test worker] INFO solution.DijkstraProcessTest - Running iteration 801
[Test worker] INFO solution.DijkstraProcessTest - Running iteration 901
]]></system-err>
</testsuite>
