<?xml version="1.0" encoding="UTF-8"?>
<testsuite name="internal.RandomDijkstraTest" tests="3" skipped="0" failures="0" errors="0" timestamp="2022-09-29T18:31:21" hostname="DESKTOP-LP6QJMQ" time="104.588">
  <properties/>
  <testcase name="stressDense()" classname="internal.RandomDijkstraTest" time="49.689"/>
  <testcase name="stressRandom()" classname="internal.RandomDijkstraTest" time="37.497"/>
  <testcase name="stressSparse()" classname="internal.RandomDijkstraTest" time="17.402"/>
  <system-out><![CDATA[]]></system-out>
  <system-err><![CDATA[[Test worker] INFO internal.RandomDijkstraTest - Running iteration 1
[Test worker] INFO internal.RandomDijkstraTest - Running iteration 11
[Test worker] INFO internal.RandomDijkstraTest - Running iteration 21
[Test worker] INFO internal.RandomDijkstraTest - Running iteration 31
[Test worker] INFO internal.RandomDijkstraTest - Running iteration 41
[Test worker] INFO internal.RandomDijkstraTest - Running iteration 51
[Test worker] INFO internal.RandomDijkstraTest - Running iteration 61
[Test worker] INFO internal.RandomDijkstraTest - Running iteration 71
[Test worker] INFO internal.RandomDijkstraTest - Running iteration 81
[Test worker] INFO internal.RandomDijkstraTest - Running iteration 91
[Test worker] INFO internal.RandomDijkstraTest - Running iteration 101
[Test worker] INFO internal.RandomDijkstraTest - Running iteration 111
[Test worker] INFO internal.RandomDijkstraTest - Running iteration 121
[Test worker] INFO internal.RandomDijkstraTest - Running iteration 131
[Test worker] INFO internal.RandomDijkstraTest - Running iteration 141
[Test worker] INFO internal.RandomDijkstraTest - Running iteration 151
[Test worker] INFO internal.RandomDijkstraTest - Running iteration 161
[Test worker] INFO internal.RandomDijkstraTest - Running iteration 171
[Test worker] INFO internal.RandomDijkstraTest - Running iteration 181
[Test worker] INFO internal.RandomDijkstraTest - Running iteration 191
[Test worker] INFO internal.RandomDijkstraTest - Running iteration 201
[Test worker] INFO internal.RandomDijkstraTest - Running iteration 211
[Test worker] INFO internal.RandomDijkstraTest - Running iteration 221
[Test worker] INFO internal.RandomDijkstraTest - Running iteration 231
[Test worker] INFO internal.RandomDijkstraTest - Running iteration 241
[Test worker] INFO internal.RandomDijkstraTest - Running iteration 251
[Test worker] INFO internal.RandomDijkstraTest - Running iteration 261
[Test worker] INFO internal.RandomDijkstraTest - Running iteration 271
[Test worker] INFO internal.RandomDijkstraTest - Running iteration 281
[Test worker] INFO internal.RandomDijkstraTest - Running iteration 291
[Test worker] INFO internal.RandomDijkstraTest - Running iteration 301
[Test worker] INFO internal.RandomDijkstraTest - Running iteration 311
[Test worker] INFO internal.RandomDijkstraTest - Running iteration 321
[Test worker] INFO internal.RandomDijkstraTest - Running iteration 331
[Test worker] INFO internal.RandomDijkstraTest - Running iteration 341
[Test worker] INFO internal.RandomDijkstraTest - Running iteration 351
[Test worker] INFO internal.RandomDijkstraTest - Running iteration 361
[Test worker] INFO internal.RandomDijkstraTest - Running iteration 371
[Test worker] INFO internal.RandomDijkstraTest - Running iteration 381
[Test worker] INFO internal.RandomDijkstraTest - Running iteration 391
[Test worker] INFO internal.RandomDijkstraTest - Running iteration 401
[Test worker] INFO internal.RandomDijkstraTest - Running iteration 411
[Test worker] INFO internal.RandomDijkstraTest - Running iteration 421
[Test worker] INFO internal.RandomDijkstraTest - Running iteration 431
[Test worker] INFO internal.RandomDijkstraTest - Running iteration 441
[Test worker] INFO internal.RandomDijkstraTest - Running iteration 451
[Test worker] INFO internal.RandomDijkstraTest - Running iteration 461
[Test worker] INFO internal.RandomDijkstraTest - Running iteration 471
[Test worker] INFO internal.RandomDijkstraTest - Running iteration 481
[Test worker] INFO internal.RandomDijkstraTest - Running iteration 491
[Test worker] INFO internal.RandomDijkstraTest - Running iteration 501
[Test worker] INFO internal.RandomDijkstraTest - Running iteration 511
[Test worker] INFO internal.RandomDijkstraTest - Running iteration 521
[Test worker] INFO internal.RandomDijkstraTest - Running iteration 531
[Test worker] INFO internal.RandomDijkstraTest - Running iteration 541
[Test worker] INFO internal.RandomDijkstraTest - Running iteration 551
[Test worker] INFO internal.RandomDijkstraTest - Running iteration 561
[Test worker] INFO internal.RandomDijkstraTest - Running iteration 571
[Test worker] INFO internal.RandomDijkstraTest - Running iteration 581
[Test worker] INFO internal.RandomDijkstraTest - Running iteration 591
[Test worker] INFO internal.RandomDijkstraTest - Running iteration 601
[Test worker] INFO internal.RandomDijkstraTest - Running iteration 611
[Test worker] INFO internal.RandomDijkstraTest - Running iteration 621
[Test worker] INFO internal.RandomDijkstraTest - Running iteration 631
[Test worker] INFO internal.RandomDijkstraTest - Running iteration 641
[Test worker] INFO internal.RandomDijkstraTest - Running iteration 651
[Test worker] INFO internal.RandomDijkstraTest - Running iteration 661
[Test worker] INFO internal.RandomDijkstraTest - Running iteration 671
[Test worker] INFO internal.RandomDijkstraTest - Running iteration 681
[Test worker] INFO internal.RandomDijkstraTest - Running iteration 691
[Test worker] INFO internal.RandomDijkstraTest - Running iteration 701
[Test worker] INFO internal.RandomDijkstraTest - Running iteration 711
[Test worker] INFO internal.RandomDijkstraTest - Running iteration 721
[Test worker] INFO internal.RandomDijkstraTest - Running iteration 731
[Test worker] INFO internal.RandomDijkstraTest - Running iteration 741
[Test worker] INFO internal.RandomDijkstraTest - Running iteration 751
[Test worker] INFO internal.RandomDijkstraTest - Running iteration 761
[Test worker] INFO internal.RandomDijkstraTest - Running iteration 771
[Test worker] INFO internal.RandomDijkstraTest - Running iteration 781
[Test worker] INFO internal.RandomDijkstraTest - Running iteration 791
[Test worker] INFO internal.RandomDijkstraTest - Running iteration 801
[Test worker] INFO internal.RandomDijkstraTest - Running iteration 811
[Test worker] INFO internal.RandomDijkstraTest - Running iteration 821
[Test worker] INFO internal.RandomDijkstraTest - Running iteration 831
[Test worker] INFO internal.RandomDijkstraTest - Running iteration 841
[Test worker] INFO internal.RandomDijkstraTest - Running iteration 851
[Test worker] INFO internal.RandomDijkstraTest - Running iteration 861
[Test worker] INFO internal.RandomDijkstraTest - Running iteration 871
[Test worker] INFO internal.RandomDijkstraTest - Running iteration 881
[Test worker] INFO internal.RandomDijkstraTest - Running iteration 891
[Test worker] INFO internal.RandomDijkstraTest - Running iteration 901
[Test worker] INFO internal.RandomDijkstraTest - Running iteration 911
[Test worker] INFO internal.RandomDijkstraTest - Running iteration 921
[Test worker] INFO internal.RandomDijkstraTest - Running iteration 931
[Test worker] INFO internal.RandomDijkstraTest - Running iteration 941
[Test worker] INFO internal.RandomDijkstraTest - Running iteration 951
[Test worker] INFO internal.RandomDijkstraTest - Running iteration 961
[Test worker] INFO internal.RandomDijkstraTest - Running iteration 971
[Test worker] INFO internal.RandomDijkstraTest - Running iteration 981
[Test worker] INFO internal.RandomDijkstraTest - Running iteration 991
[Test worker] INFO internal.RandomDijkstraTest - Running iteration 1
[Test worker] INFO internal.RandomDijkstraTest - Running iteration 11
[Test worker] INFO internal.RandomDijkstraTest - Running iteration 21
[Test worker] INFO internal.RandomDijkstraTest - Running iteration 31
[Test worker] INFO internal.RandomDijkstraTest - Running iteration 41
[Test worker] INFO internal.RandomDijkstraTest - Running iteration 51
[Test worker] INFO internal.RandomDijkstraTest - Running iteration 61
[Test worker] INFO internal.RandomDijkstraTest - Running iteration 71
[Test worker] INFO internal.RandomDijkstraTest - Running iteration 81
[Test worker] INFO internal.RandomDijkstraTest - Running iteration 91
[Test worker] INFO internal.RandomDijkstraTest - Running iteration 101
[Test worker] INFO internal.RandomDijkstraTest - Running iteration 111
[Test worker] INFO internal.RandomDijkstraTest - Running iteration 121
[Test worker] INFO internal.RandomDijkstraTest - Running iteration 131
[Test worker] INFO internal.RandomDijkstraTest - Running iteration 141
[Test worker] INFO internal.RandomDijkstraTest - Running iteration 151
[Test worker] INFO internal.RandomDijkstraTest - Running iteration 161
[Test worker] INFO internal.RandomDijkstraTest - Running iteration 171
[Test worker] INFO internal.RandomDijkstraTest - Running iteration 181
[Test worker] INFO internal.RandomDijkstraTest - Running iteration 191
[Test worker] INFO internal.RandomDijkstraTest - Running iteration 201
[Test worker] INFO internal.RandomDijkstraTest - Running iteration 211
[Test worker] INFO internal.RandomDijkstraTest - Running iteration 221
[Test worker] INFO internal.RandomDijkstraTest - Running iteration 231
[Test worker] INFO internal.RandomDijkstraTest - Running iteration 241
[Test worker] INFO internal.RandomDijkstraTest - Running iteration 251
[Test worker] INFO internal.RandomDijkstraTest - Running iteration 261
[Test worker] INFO internal.RandomDijkstraTest - Running iteration 271
[Test worker] INFO internal.RandomDijkstraTest - Running iteration 281
[Test worker] INFO internal.RandomDijkstraTest - Running iteration 291
[Test worker] INFO internal.RandomDijkstraTest - Running iteration 301
[Test worker] INFO internal.RandomDijkstraTest - Running iteration 311
[Test worker] INFO internal.RandomDijkstraTest - Running iteration 321
[Test worker] INFO internal.RandomDijkstraTest - Running iteration 331
[Test worker] INFO internal.RandomDijkstraTest - Running iteration 341
[Test worker] INFO internal.RandomDijkstraTest - Running iteration 351
[Test worker] INFO internal.RandomDijkstraTest - Running iteration 361
[Test worker] INFO internal.RandomDijkstraTest - Running iteration 371
[Test worker] INFO internal.RandomDijkstraTest - Running iteration 381
[Test worker] INFO internal.RandomDijkstraTest - Running iteration 391
[Test worker] INFO internal.RandomDijkstraTest - Running iteration 401
[Test worker] INFO internal.RandomDijkstraTest - Running iteration 411
[Test worker] INFO internal.RandomDijkstraTest - Running iteration 421
[Test worker] INFO internal.RandomDijkstraTest - Running iteration 431
[Test worker] INFO internal.RandomDijkstraTest - Running iteration 441
[Test worker] INFO internal.RandomDijkstraTest - Running iteration 451
[Test worker] INFO internal.RandomDijkstraTest - Running iteration 461
[Test worker] INFO internal.RandomDijkstraTest - Running iteration 471
[Test worker] INFO internal.RandomDijkstraTest - Running iteration 481
[Test worker] INFO internal.RandomDijkstraTest - Running iteration 491
[Test worker] INFO internal.RandomDijkstraTest - Running iteration 501
[Test worker] INFO internal.RandomDijkstraTest - Running iteration 511
[Test worker] INFO internal.RandomDijkstraTest - Running iteration 521
[Test worker] INFO internal.RandomDijkstraTest - Running iteration 531
[Test worker] INFO internal.RandomDijkstraTest - Running iteration 541
[Test worker] INFO internal.RandomDijkstraTest - Running iteration 551
[Test worker] INFO internal.RandomDijkstraTest - Running iteration 561
[Test worker] INFO internal.RandomDijkstraTest - Running iteration 571
[Test worker] INFO internal.RandomDijkstraTest - Running iteration 581
[Test worker] INFO internal.RandomDijkstraTest - Running iteration 591
[Test worker] INFO internal.RandomDijkstraTest - Running iteration 601
[Test worker] INFO internal.RandomDijkstraTest - Running iteration 611
[Test worker] INFO internal.RandomDijkstraTest - Running iteration 621
[Test worker] INFO internal.RandomDijkstraTest - Running iteration 631
[Test worker] INFO internal.RandomDijkstraTest - Running iteration 641
[Test worker] INFO internal.RandomDijkstraTest - Running iteration 651
[Test worker] INFO internal.RandomDijkstraTest - Running iteration 661
[Test worker] INFO internal.RandomDijkstraTest - Running iteration 671
[Test worker] INFO internal.RandomDijkstraTest - Running iteration 681
[Test worker] INFO internal.RandomDijkstraTest - Running iteration 691
[Test worker] INFO internal.RandomDijkstraTest - Running iteration 701
[Test worker] INFO internal.RandomDijkstraTest - Running iteration 711
[Test worker] INFO internal.RandomDijkstraTest - Running iteration 721
[Test worker] INFO internal.RandomDijkstraTest - Running iteration 731
[Test worker] INFO internal.RandomDijkstraTest - Running iteration 741
[Test worker] INFO internal.RandomDijkstraTest - Running iteration 751
[Test worker] INFO internal.RandomDijkstraTest - Running iteration 761
[Test worker] INFO internal.RandomDijkstraTest - Running iteration 771
[Test worker] INFO internal.RandomDijkstraTest - Running iteration 781
[Test worker] INFO internal.RandomDijkstraTest - Running iteration 791
[Test worker] INFO internal.RandomDijkstraTest - Running iteration 801
[Test worker] INFO internal.RandomDijkstraTest - Running iteration 811
[Test worker] INFO internal.RandomDijkstraTest - Running iteration 821
[Test worker] INFO internal.RandomDijkstraTest - Running iteration 831
[Test worker] INFO internal.RandomDijkstraTest - Running iteration 841
[Test worker] INFO internal.RandomDijkstraTest - Running iteration 851
[Test worker] INFO internal.RandomDijkstraTest - Running iteration 861
[Test worker] INFO internal.RandomDijkstraTest - Running iteration 871
[Test worker] INFO internal.RandomDijkstraTest - Running iteration 881
[Test worker] INFO internal.RandomDijkstraTest - Running iteration 891
[Test worker] INFO internal.RandomDijkstraTest - Running iteration 901
[Test worker] INFO internal.RandomDijkstraTest - Running iteration 911
[Test worker] INFO internal.RandomDijkstraTest - Running iteration 921
[Test worker] INFO internal.RandomDijkstraTest - Running iteration 931
[Test worker] INFO internal.RandomDijkstraTest - Running iteration 941
[Test worker] INFO internal.RandomDijkstraTest - Running iteration 951
[Test worker] INFO internal.RandomDijkstraTest - Running iteration 961
[Test worker] INFO internal.RandomDijkstraTest - Running iteration 971
[Test worker] INFO internal.RandomDijkstraTest - Running iteration 981
[Test worker] INFO internal.RandomDijkstraTest - Running iteration 991
[Test worker] INFO internal.RandomDijkstraTest - Running iteration 1
[Test worker] INFO internal.RandomDijkstraTest - Running iteration 11
[Test worker] INFO internal.RandomDijkstraTest - Running iteration 21
[Test worker] INFO internal.RandomDijkstraTest - Running iteration 31
[Test worker] INFO internal.RandomDijkstraTest - Running iteration 41
[Test worker] INFO internal.RandomDijkstraTest - Running iteration 51
[Test worker] INFO internal.RandomDijkstraTest - Running iteration 61
[Test worker] INFO internal.RandomDijkstraTest - Running iteration 71
[Test worker] INFO internal.RandomDijkstraTest - Running iteration 81
[Test worker] INFO internal.RandomDijkstraTest - Running iteration 91
[Test worker] INFO internal.RandomDijkstraTest - Running iteration 101
[Test worker] INFO internal.RandomDijkstraTest - Running iteration 111
[Test worker] INFO internal.RandomDijkstraTest - Running iteration 121
[Test worker] INFO internal.RandomDijkstraTest - Running iteration 131
[Test worker] INFO internal.RandomDijkstraTest - Running iteration 141
[Test worker] INFO internal.RandomDijkstraTest - Running iteration 151
[Test worker] INFO internal.RandomDijkstraTest - Running iteration 161
[Test worker] INFO internal.RandomDijkstraTest - Running iteration 171
[Test worker] INFO internal.RandomDijkstraTest - Running iteration 181
[Test worker] INFO internal.RandomDijkstraTest - Running iteration 191
[Test worker] INFO internal.RandomDijkstraTest - Running iteration 201
[Test worker] INFO internal.RandomDijkstraTest - Running iteration 211
[Test worker] INFO internal.RandomDijkstraTest - Running iteration 221
[Test worker] INFO internal.RandomDijkstraTest - Running iteration 231
[Test worker] INFO internal.RandomDijkstraTest - Running iteration 241
[Test worker] INFO internal.RandomDijkstraTest - Running iteration 251
[Test worker] INFO internal.RandomDijkstraTest - Running iteration 261
[Test worker] INFO internal.RandomDijkstraTest - Running iteration 271
[Test worker] INFO internal.RandomDijkstraTest - Running iteration 281
[Test worker] INFO internal.RandomDijkstraTest - Running iteration 291
[Test worker] INFO internal.RandomDijkstraTest - Running iteration 301
[Test worker] INFO internal.RandomDijkstraTest - Running iteration 311
[Test worker] INFO internal.RandomDijkstraTest - Running iteration 321
[Test worker] INFO internal.RandomDijkstraTest - Running iteration 331
[Test worker] INFO internal.RandomDijkstraTest - Running iteration 341
[Test worker] INFO internal.RandomDijkstraTest - Running iteration 351
[Test worker] INFO internal.RandomDijkstraTest - Running iteration 361
[Test worker] INFO internal.RandomDijkstraTest - Running iteration 371
[Test worker] INFO internal.RandomDijkstraTest - Running iteration 381
[Test worker] INFO internal.RandomDijkstraTest - Running iteration 391
[Test worker] INFO internal.RandomDijkstraTest - Running iteration 401
[Test worker] INFO internal.RandomDijkstraTest - Running iteration 411
[Test worker] INFO internal.RandomDijkstraTest - Running iteration 421
[Test worker] INFO internal.RandomDijkstraTest - Running iteration 431
[Test worker] INFO internal.RandomDijkstraTest - Running iteration 441
[Test worker] INFO internal.RandomDijkstraTest - Running iteration 451
[Test worker] INFO internal.RandomDijkstraTest - Running iteration 461
[Test worker] INFO internal.RandomDijkstraTest - Running iteration 471
[Test worker] INFO internal.RandomDijkstraTest - Running iteration 481
[Test worker] INFO internal.RandomDijkstraTest - Running iteration 491
[Test worker] INFO internal.RandomDijkstraTest - Running iteration 501
[Test worker] INFO internal.RandomDijkstraTest - Running iteration 511
[Test worker] INFO internal.RandomDijkstraTest - Running iteration 521
[Test worker] INFO internal.RandomDijkstraTest - Running iteration 531
[Test worker] INFO internal.RandomDijkstraTest - Running iteration 541
[Test worker] INFO internal.RandomDijkstraTest - Running iteration 551
[Test worker] INFO internal.RandomDijkstraTest - Running iteration 561
[Test worker] INFO internal.RandomDijkstraTest - Running iteration 571
[Test worker] INFO internal.RandomDijkstraTest - Running iteration 581
[Test worker] INFO internal.RandomDijkstraTest - Running iteration 591
[Test worker] INFO internal.RandomDijkstraTest - Running iteration 601
[Test worker] INFO internal.RandomDijkstraTest - Running iteration 611
[Test worker] INFO internal.RandomDijkstraTest - Running iteration 621
[Test worker] INFO internal.RandomDijkstraTest - Running iteration 631
[Test worker] INFO internal.RandomDijkstraTest - Running iteration 641
[Test worker] INFO internal.RandomDijkstraTest - Running iteration 651
[Test worker] INFO internal.RandomDijkstraTest - Running iteration 661
[Test worker] INFO internal.RandomDijkstraTest - Running iteration 671
[Test worker] INFO internal.RandomDijkstraTest - Running iteration 681
[Test worker] INFO internal.RandomDijkstraTest - Running iteration 691
[Test worker] INFO internal.RandomDijkstraTest - Running iteration 701
[Test worker] INFO internal.RandomDijkstraTest - Running iteration 711
[Test worker] INFO internal.RandomDijkstraTest - Running iteration 721
[Test worker] INFO internal.RandomDijkstraTest - Running iteration 731
[Test worker] INFO internal.RandomDijkstraTest - Running iteration 741
[Test worker] INFO internal.RandomDijkstraTest - Running iteration 751
[Test worker] INFO internal.RandomDijkstraTest - Running iteration 761
[Test worker] INFO internal.RandomDijkstraTest - Running iteration 771
[Test worker] INFO internal.RandomDijkstraTest - Running iteration 781
[Test worker] INFO internal.RandomDijkstraTest - Running iteration 791
[Test worker] INFO internal.RandomDijkstraTest - Running iteration 801
[Test worker] INFO internal.RandomDijkstraTest - Running iteration 811
[Test worker] INFO internal.RandomDijkstraTest - Running iteration 821
[Test worker] INFO internal.RandomDijkstraTest - Running iteration 831
[Test worker] INFO internal.RandomDijkstraTest - Running iteration 841
[Test worker] INFO internal.RandomDijkstraTest - Running iteration 851
[Test worker] INFO internal.RandomDijkstraTest - Running iteration 861
[Test worker] INFO internal.RandomDijkstraTest - Running iteration 871
[Test worker] INFO internal.RandomDijkstraTest - Running iteration 881
[Test worker] INFO internal.RandomDijkstraTest - Running iteration 891
[Test worker] INFO internal.RandomDijkstraTest - Running iteration 901
[Test worker] INFO internal.RandomDijkstraTest - Running iteration 911
[Test worker] INFO internal.RandomDijkstraTest - Running iteration 921
[Test worker] INFO internal.RandomDijkstraTest - Running iteration 931
[Test worker] INFO internal.RandomDijkstraTest - Running iteration 941
[Test worker] INFO internal.RandomDijkstraTest - Running iteration 951
[Test worker] INFO internal.RandomDijkstraTest - Running iteration 961
[Test worker] INFO internal.RandomDijkstraTest - Running iteration 971
[Test worker] INFO internal.RandomDijkstraTest - Running iteration 981
[Test worker] INFO internal.RandomDijkstraTest - Running iteration 991
]]></system-err>
</testsuite>
