<?xml version="1.0" encoding="UTF-8"?>
<testsuite name="ProcessRickartAgrawalaTest" tests="12" skipped="0" failures="0" errors="0" timestamp="2022-11-09T10:15:34" hostname="DESKTOP-LP6QJMQ" time="218.744">
  <properties/>
  <testcase name="twoConcurrentLocks()" classname="ProcessRickartAgrawalaTest" time="0.021"/>
  <testcase name="randomLocksSmallUnlockProbFIFO()" classname="ProcessRickartAgrawalaTest" time="42.25"/>
  <testcase name="randomLocksSmallUnlockProbFair()" classname="ProcessRickartAgrawalaTest" time="31.947"/>
  <testcase name="randomLocksSmallUnlockProbRandom()" classname="ProcessRickartAgrawalaTest" time="33.761"/>
  <testcase name="randomUnlock()" classname="ProcessRickartAgrawalaTest" time="0.057"/>
  <testcase name="randomLocksFIFO()" classname="ProcessRickartAgrawalaTest" time="42.732"/>
  <testcase name="randomLocksFair()" classname="ProcessRickartAgrawalaTest" time="33.08"/>
  <testcase name="firstLock()" classname="ProcessRickartAgrawalaTest" time="0.001"/>
  <testcase name="randomLocksRandom()" classname="ProcessRickartAgrawalaTest" time="34.839"/>
  <testcase name="firstLockUnlockManyTimes()" classname="ProcessRickartAgrawalaTest" time="0.005"/>
  <testcase name="firstLockUnlock()" classname="ProcessRickartAgrawalaTest" time="0.0"/>
  <testcase name="roundRobinUnlock()" classname="ProcessRickartAgrawalaTest" time="0.048"/>
  <system-out><![CDATA[]]></system-out>
  <system-err><![CDATA[]]></system-err>
</testsuite>
