<?xml version="1.0" encoding="UTF-8"?>
<testsuite name="ProcessLamportTest" tests="12" skipped="0" failures="0" errors="0" timestamp="2022-09-18T09:52:44" hostname="DESKTOP-LP6QJMQ" time="137.23">
  <properties/>
  <testcase name="twoConcurrentLocks()" classname="ProcessLamportTest" time="0.02"/>
  <testcase name="randomLocksSmallUnlockProbFIFO()" classname="ProcessLamportTest" time="37.938"/>
  <testcase name="randomLocksSmallUnlockProbFair()" classname="ProcessLamportTest" time="30.64"/>
  <testcase name="randomLocksSmallUnlockProbRandom()" classname="ProcessLamportTest" time="0.005"/>
  <testcase name="randomUnlock()" classname="ProcessLamportTest" time="0.071"/>
  <testcase name="randomLocksFIFO()" classname="ProcessLamportTest" time="37.67"/>
  <testcase name="randomLocksFair()" classname="ProcessLamportTest" time="30.82"/>
  <testcase name="firstLock()" classname="ProcessLamportTest" time="0.001"/>
  <testcase name="randomLocksRandom()" classname="ProcessLamportTest" time="0.001"/>
  <testcase name="firstLockUnlockManyTimes()" classname="ProcessLamportTest" time="0.006"/>
  <testcase name="firstLockUnlock()" classname="ProcessLamportTest" time="0.0"/>
  <testcase name="roundRobinUnlock()" classname="ProcessLamportTest" time="0.055"/>
  <system-out><![CDATA[]]></system-out>
  <system-err><![CDATA[]]></system-err>
</testsuite>
