<?xml version="1.0" encoding="UTF-8"?>
<testsuite name="ProcessCentralizedTest" tests="14" skipped="0" failures="0" errors="0" timestamp="2022-09-29T16:20:54" hostname="DESKTOP-LP6QJMQ" time="95.358">
  <properties/>
  <testcase name="coordinatorLockUnlock()" classname="ProcessCentralizedTest" time="0.021"/>
  <testcase name="concurrentLocksCoordinator()" classname="ProcessCentralizedTest" time="0.003"/>
  <testcase name="coordinatorLock()" classname="ProcessCentralizedTest" time="0.001"/>
  <testcase name="randomLocksSmallUnlockProbFIFO()" classname="ProcessCentralizedTest" time="18.028"/>
  <testcase name="randomLocksSmallUnlockProbFair()" classname="ProcessCentralizedTest" time="14.633"/>
  <testcase name="randomLocksSmallUnlockProbRandom()" classname="ProcessCentralizedTest" time="16.079"/>
  <testcase name="nonCoordinatorLock()" classname="ProcessCentralizedTest" time="0.001"/>
  <testcase name="lockUnlockRandom()" classname="ProcessCentralizedTest" time="0.014"/>
  <testcase name="randomLocksFIFO()" classname="ProcessCentralizedTest" time="16.452"/>
  <testcase name="randomLocksFair()" classname="ProcessCentralizedTest" time="15.109"/>
  <testcase name="randomLocksRandom()" classname="ProcessCentralizedTest" time="15.007"/>
  <testcase name="nonCoordinatorLockUnlock()" classname="ProcessCentralizedTest" time="0.001"/>
  <testcase name="concurrentLocksNonCoordinator()" classname="ProcessCentralizedTest" time="0.0"/>
  <testcase name="lockUnlockRoundRobin()" classname="ProcessCentralizedTest" time="0.009"/>
  <system-out><![CDATA[]]></system-out>
  <system-err><![CDATA[]]></system-err>
</testsuite>
