<?xml version="1.0" encoding="UTF-8"?>
<testsuite name="ProcessPhilosophersTest" tests="1" skipped="0" failures="0" errors="0" timestamp="2022-11-09T12:28:46" hostname="DESKTOP-LP6QJMQ" time="39.21">
  <properties/>
  <testcase name="randomLocksFair()" classname="ProcessPhilosophersTest" time="39.21"/>
  <system-out><![CDATA[]]></system-out>
  <system-err><![CDATA[]]></system-err>
</testsuite>
